Using pre-set license
Built from '2021.3/staging' branch; Version is '2021.3.5f1 (40eb3a945986) revision 4254522'; Using compiler version '192829333'; Build Type 'Release'
OS: 'Windows 10  (10.0.19044) 64bit Professional' Language: 'es' Physical Memory: 16307 MB
BatchMode: 1, IsHumanControllingUs: 0, StartBugReporterOnCrash: 0, Is64bit: 1, IsPro: 1

COMMAND LINE ARGUMENTS:
C:\Program Files\Unity\Hub\Editor\2021.3.5f1\Editor\Unity.exe
-adb2
-batchMode
-noUpm
-name
AssetImportWorker2
-projectPath
C:/CMM-LabE/MAS y RTA/Runner
-logFile
Logs/AssetImportWorker2.log
-srvPort
61465
Successfully changed project path to: C:/CMM-LabE/MAS y RTA/Runner
C:/CMM-LabE/MAS y RTA/Runner
[UnityMemory] Configuration Parameters - Can be set up in boot.config
    "memorysetup-bucket-allocator-granularity=16"
    "memorysetup-bucket-allocator-bucket-count=8"
    "memorysetup-bucket-allocator-block-size=33554432"
    "memorysetup-bucket-allocator-block-count=8"
    "memorysetup-main-allocator-block-size=16777216"
    "memorysetup-thread-allocator-block-size=16777216"
    "memorysetup-gfx-main-allocator-block-size=16777216"
    "memorysetup-gfx-thread-allocator-block-size=16777216"
    "memorysetup-cache-allocator-block-size=4194304"
    "memorysetup-typetree-allocator-block-size=2097152"
    "memorysetup-profiler-bucket-allocator-granularity=16"
    "memorysetup-profiler-bucket-allocator-bucket-count=8"
    "memorysetup-profiler-bucket-allocator-block-size=33554432"
    "memorysetup-profiler-bucket-allocator-block-count=8"
    "memorysetup-profiler-allocator-block-size=16777216"
    "memorysetup-profiler-editor-allocator-block-size=1048576"
    "memorysetup-temp-allocator-size-main=16777216"
    "memorysetup-job-temp-allocator-block-size=2097152"
    "memorysetup-job-temp-allocator-block-size-background=1048576"
    "memorysetup-job-temp-allocator-reduction-small-platforms=262144"
    "memorysetup-temp-allocator-size-background-worker=32768"
    "memorysetup-temp-allocator-size-job-worker=262144"
    "memorysetup-temp-allocator-size-preload-manager=33554432"
    "memorysetup-temp-allocator-size-nav-mesh-worker=65536"
    "memorysetup-temp-allocator-size-audio-worker=65536"
    "memorysetup-temp-allocator-size-cloud-worker=32768"
    "memorysetup-temp-allocator-size-gi-baking-worker=262144"
    "memorysetup-temp-allocator-size-gfx=262144"
Refreshing native plugins compatible for Editor in 88.34 ms, found 2 plugins.
Preloading 0 native plugins for Editor in 0.00 ms.
Initialize engine version: 2021.3.5f1 (40eb3a945986)
[Subsystems] Discovering subsystems at path C:/Program Files/Unity/Hub/Editor/2021.3.5f1/Editor/Data/Resources/UnitySubsystems
[Subsystems] Discovering subsystems at path C:/CMM-LabE/MAS y RTA/Runner/Assets
GfxDevice: creating device client; threaded=0; jobified=0
Direct3D:
    Version:  Direct3D 11.0 [level 11.0]
    Renderer: NVIDIA GeForce GTX 850M (ID=0x1391)
    Vendor:   NVIDIA
    VRAM:     4055 MB
    Driver:   30.0.15.1295
Initialize mono
Mono path[0] = 'C:/Program Files/Unity/Hub/Editor/2021.3.5f1/Editor/Data/Managed'
Mono path[1] = 'C:/Program Files/Unity/Hub/Editor/2021.3.5f1/Editor/Data/MonoBleedingEdge/lib/mono/unityjit-win32'
Mono config path = 'C:/Program Files/Unity/Hub/Editor/2021.3.5f1/Editor/Data/MonoBleedingEdge/etc'
Using monoOptions --debugger-agent=transport=dt_socket,embedding=1,server=y,suspend=n,address=127.0.0.1:56904
Begin MonoManager ReloadAssembly
Registering precompiled unity dll's ...
Register platform support module: C:/Program Files/Unity/Hub/Editor/2021.3.5f1/Editor/Data/PlaybackEngines/WebGLSupport/UnityEditor.WebGL.Extensions.dll
Register platform support module: C:/Program Files/Unity/Hub/Editor/2021.3.5f1/Editor/Data/PlaybackEngines/MacStandaloneSupport/UnityEditor.OSXStandalone.Extensions.dll
Register platform support module: C:/Program Files/Unity/Hub/Editor/2021.3.5f1/Editor/Data/PlaybackEngines/AndroidPlayer/UnityEditor.Android.Extensions.dll
Register platform support module: C:/Program Files/Unity/Hub/Editor/2021.3.5f1/Editor/Data/PlaybackEngines/iOSSupport/UnityEditor.iOS.Extensions.dll
Register platform support module: C:/Program Files/Unity/Hub/Editor/2021.3.5f1/Editor/Data/PlaybackEngines/AppleTVSupport/UnityEditor.AppleTV.Extensions.dll
Register platform support module: C:/Program Files/Unity/Hub/Editor/2021.3.5f1/Editor/Data/PlaybackEngines/WindowsStandaloneSupport/UnityEditor.WindowsStandalone.Extensions.dll
Register platform support module: C:/Program Files/Unity/Hub/Editor/2021.3.5f1/Editor/Data/PlaybackEngines/LinuxStandaloneSupport/UnityEditor.LinuxStandalone.Extensions.dll
Register platform support module: C:/Program Files/Unity/Hub/Editor/2021.3.5f1/Editor/Data/PlaybackEngines/MetroSupport/UnityEditor.UWP.Extensions.dll
Registered in 0.040676 seconds.
Native extension for UWP target not found
Native extension for LinuxStandalone target not found
Native extension for WindowsStandalone target not found
[usbmuxd] Start listen thread
[usbmuxd] Listen thread started
Native extension for AppleTV target not found
[usbmuxd] Start listen thread
[usbmuxd] Listen thread started
Native extension for iOS target not found
Native extension for Android target not found
Native extension for OSXStandalone target not found
Native extension for WebGL target not found
Refreshing native plugins compatible for Editor in 95.99 ms, found 2 plugins.
Preloading 0 native plugins for Editor in 0.00 ms.
Mono: successfully reloaded assembly
- Completed reload, in  1.192 seconds
Domain Reload Profiling:
	ReloadAssembly (1192ms)
		BeginReloadAssembly (132ms)
			ExecutionOrderSort (0ms)
			DisableScriptedObjects (0ms)
			BackupInstance (0ms)
			ReleaseScriptingObjects (0ms)
			CreateAndSetChildDomain (1ms)
		EndReloadAssembly (855ms)
			LoadAssemblies (129ms)
			RebuildTransferFunctionScriptingTraits (0ms)
			SetupTypeCache (198ms)
			ReleaseScriptCaches (0ms)
			RebuildScriptCaches (46ms)
			SetupLoadedEditorAssemblies (521ms)
				LogAssemblyErrors (0ms)
				InitializePlatformSupportModulesInManaged (158ms)
				SetLoadedEditorAssemblies (0ms)
				RefreshPlugins (96ms)
				BeforeProcessingInitializeOnLoad (3ms)
				ProcessInitializeOnLoadAttributes (182ms)
				ProcessInitializeOnLoadMethodAttributes (81ms)
				AfterProcessingInitializeOnLoad (0ms)
				EditorAssembliesLoaded (0ms)
			ExecutionOrderSort2 (0ms)
			AwakeInstancesAfterBackupRestoration (0ms)
Platform modules already initialized, skipping
Registering precompiled user dll's ...
Registered in 0.013570 seconds.
Begin MonoManager ReloadAssembly
Native extension for UWP target not found
Native extension for LinuxStandalone target not found
Native extension for WindowsStandalone target not found
Native extension for AppleTV target not found
Native extension for iOS target not found
Native extension for Android target not found
Native extension for OSXStandalone target not found
Native extension for WebGL target not found
Refreshing native plugins compatible for Editor in 0.77 ms, found 2 plugins.
Preloading 0 native plugins for Editor in 0.00 ms.
Package Manager log level set to [2]
Mono: successfully reloaded assembly
- Completed reload, in  6.040 seconds
Domain Reload Profiling:
	ReloadAssembly (6041ms)
		BeginReloadAssembly (314ms)
			ExecutionOrderSort (0ms)
			DisableScriptedObjects (10ms)
			BackupInstance (0ms)
			ReleaseScriptingObjects (0ms)
			CreateAndSetChildDomain (131ms)
		EndReloadAssembly (5524ms)
			LoadAssemblies (2322ms)
			RebuildTransferFunctionScriptingTraits (0ms)
			SetupTypeCache (1000ms)
			ReleaseScriptCaches (1ms)
			RebuildScriptCaches (93ms)
			SetupLoadedEditorAssemblies (2053ms)
				LogAssemblyErrors (0ms)
				InitializePlatformSupportModulesInManaged (75ms)
				SetLoadedEditorAssemblies (1ms)
				RefreshPlugins (1ms)
				BeforeProcessingInitializeOnLoad (130ms)
				ProcessInitializeOnLoadAttributes (419ms)
				ProcessInitializeOnLoadMethodAttributes (1398ms)
				AfterProcessingInitializeOnLoad (28ms)
				EditorAssembliesLoaded (1ms)
			ExecutionOrderSort2 (0ms)
			AwakeInstancesAfterBackupRestoration (15ms)
Platform modules already initialized, skipping
========================================================================
Worker process is ready to serve import requests
Launched and connected shader compiler UnityShaderCompiler.exe after 0.18 seconds
Refreshing native plugins compatible for Editor in 1.42 ms, found 2 plugins.
Preloading 0 native plugins for Editor in 0.00 ms.
Unloading 2341 Unused Serialized files (Serialized files now loaded: 0)
Unloading 58 unused Assets / (56.6 KB). Loaded Objects now: 2780.
Memory consumption went from 91.9 MB to 91.8 MB.
Total: 14.136700 ms (FindLiveObjects: 0.579400 ms CreateObjectMapping: 0.417500 ms MarkObjects: 12.971200 ms  DeleteObjects: 0.166800 ms)

AssetImportParameters requested are different than current active one (requested -> active):
  custom:video-decoder-ogg-theora: a1e56fd34408186e4bbccfd4996cb3dc -> 
  custom:container-muxer-webm: aa71ff27fc2769a1b78a27578f13a17b -> 
  custom:container-demuxer-webm: 4f35f7cbe854078d1ac9338744f61a02 -> 
  custom:video-encoder-webm-vp8: eb34c28f22e8b96e1ab97ce403110664 -> 
  custom:audio-encoder-webm-vorbis: bf7c407c2cedff20999df2af8eb42d56 -> 
  custom:framework-win-MediaFoundation: 216162199b28c13a410421893ffa2e32 -> 
  custom:container-demuxer-ogg: 62fdf1f143b41e24485cea50d1cbac27 -> 
  custom:video-decoder-webm-vp8: 9c59270c3fd7afecdb556c50c9e8de78 -> 
  custom:audio-decoder-ogg-vorbis: bf7c407c2cedff20999df2af8eb42d56 -> 
========================================================================
Received Import Request.
  Time since last request: 760.559429 seconds.
  path: Assets/Prefabs/obstacle_barrel.prefab
  artifactKey: Guid(a175a51f5fcc3474cbcc19f1151e2c11) Importer(815301076,1909f56bfc062723c751e8b465ee728b)
Start importing Assets/Prefabs/obstacle_barrel.prefab using Guid(a175a51f5fcc3474cbcc19f1151e2c11) Importer(815301076,1909f56bfc062723c751e8b465ee728b)  -> (artifact id: 'd87375405aad8839e87998db9764972a') in 0.402551 seconds 
========================================================================
Received Import Request.
  Time since last request: 0.000050 seconds.
  path: Assets/Prefabs/Tile2.prefab
  artifactKey: Guid(3bf7beb96b9a22f4e94ff299a0f08563) Importer(815301076,1909f56bfc062723c751e8b465ee728b)
Start importing Assets/Prefabs/Tile2.prefab using Guid(3bf7beb96b9a22f4e94ff299a0f08563) Importer(815301076,1909f56bfc062723c751e8b465ee728b)  -> (artifact id: 'f99dcfb94de3324679b67b24cbe250d5') in 0.116570 seconds 
========================================================================
Received Import Request.
  Time since last request: 0.000044 seconds.
  path: Assets/Prefabs/Tile1.prefab
  artifactKey: Guid(baf75fcca5b79ce4099ad05f8585195e) Importer(815301076,1909f56bfc062723c751e8b465ee728b)
Start importing Assets/Prefabs/Tile1.prefab using Guid(baf75fcca5b79ce4099ad05f8585195e) Importer(815301076,1909f56bfc062723c751e8b465ee728b)  -> (artifact id: 'b8721a5f6ce363a2d0351e855670e78e') in 0.611078 seconds 
========================================================================
Received Import Request.
  Time since last request: 92.371310 seconds.
  path: Assets/Animations/lights.prefab
  artifactKey: Guid(96faae87255c70d4abcb31ebf86f3b0c) Importer(815301076,1909f56bfc062723c751e8b465ee728b)
Start importing Assets/Animations/lights.prefab using Guid(96faae87255c70d4abcb31ebf86f3b0c) Importer(815301076,1909f56bfc062723c751e8b465ee728b)  -> (artifact id: '325ec6868faf3e398c73bcef58d42259') in 0.026261 seconds 
========================================================================
Received Import Request.
  Time since last request: 12.803520 seconds.
  path: Assets/Prefabs/lights.prefab
  artifactKey: Guid(2dfcdb782c3209d4da4c162d1524a333) Importer(815301076,1909f56bfc062723c751e8b465ee728b)
Start importing Assets/Prefabs/lights.prefab using Guid(2dfcdb782c3209d4da4c162d1524a333) Importer(815301076,1909f56bfc062723c751e8b465ee728b)  -> (artifact id: '2d6fcf2ce2b1e7d0b4318538fb998547') in 0.019764 seconds 
========================================================================
Received Import Request.
  Time since last request: 107.328304 seconds.
  path: Assets/Prefabs/lights_2.prefab
  artifactKey: Guid(71613b98ac3ce1649b02c5380c69a6bf) Importer(815301076,1909f56bfc062723c751e8b465ee728b)
Start importing Assets/Prefabs/lights_2.prefab using Guid(71613b98ac3ce1649b02c5380c69a6bf) Importer(815301076,1909f56bfc062723c751e8b465ee728b)  -> (artifact id: 'd032250461893338a1e669765ea7bf11') in 0.023418 seconds 
========================================================================
Received Import Request.
  Time since last request: 36.881087 seconds.
  path: Assets/Prefabs/lights_2.prefab
  artifactKey: Guid(71613b98ac3ce1649b02c5380c69a6bf) Importer(815301076,1909f56bfc062723c751e8b465ee728b)
Start importing Assets/Prefabs/lights_2.prefab using Guid(71613b98ac3ce1649b02c5380c69a6bf) Importer(815301076,1909f56bfc062723c751e8b465ee728b)  -> (artifact id: '9035a7557d0893c569e4a8e6af36fe77') in 0.019854 seconds 
========================================================================
Received Import Request.
  Time since last request: 128.897582 seconds.
  path: Assets/Models
  artifactKey: Guid(0aeff0bddeeb81342b9c0a5dc7fef1eb) Importer(815301076,1909f56bfc062723c751e8b465ee728b)
Start importing Assets/Models using Guid(0aeff0bddeeb81342b9c0a5dc7fef1eb) Importer(815301076,1909f56bfc062723c751e8b465ee728b)  -> (artifact id: '0192826771fda7ea5f5652433ae2be04') in 0.012132 seconds 
========================================================================
Received Import Request.
  Time since last request: 9.124014 seconds.
  path: Assets/Models/STL
  artifactKey: Guid(19a1ee222da254742896ee5f3a16a1f8) Importer(815301076,1909f56bfc062723c751e8b465ee728b)
Start importing Assets/Models/STL using Guid(19a1ee222da254742896ee5f3a16a1f8) Importer(815301076,1909f56bfc062723c751e8b465ee728b)  -> (artifact id: 'a583642a7bed58e61558228442b8688d') in 0.011630 seconds 
========================================================================
Received Import Request.
  Time since last request: 6.944867 seconds.
  path: Assets/Models/STL/springs2.stl
  artifactKey: Guid(945c61b8148763849aee6a1c0ba9fa90) Importer(815301076,1909f56bfc062723c751e8b465ee728b)
Start importing Assets/Models/STL/springs2.stl using Guid(945c61b8148763849aee6a1c0ba9fa90) Importer(815301076,1909f56bfc062723c751e8b465ee728b)  -> (artifact id: '95faa30e9836661a1d15bb401d9ea80e') in 0.016478 seconds 
========================================================================
Received Import Request.
  Time since last request: 199.308550 seconds.
  path: Assets/Models/FBX
  artifactKey: Guid(b06af579de51c0a458aac7680976bb78) Importer(815301076,1909f56bfc062723c751e8b465ee728b)
Start importing Assets/Models/FBX using Guid(b06af579de51c0a458aac7680976bb78) Importer(815301076,1909f56bfc062723c751e8b465ee728b)  -> (artifact id: '6e3382e36f40b833af2dc5f6b15d7fac') in 0.013633 seconds 
========================================================================
Received Import Request.
  Time since last request: 0.070083 seconds.
  path: Assets/Models/FBX/barrel.fbx
  artifactKey: Guid(081360b63f426ef46a6c44ff7de4713d) Importer(815301076,1909f56bfc062723c751e8b465ee728b)
Start importing Assets/Models/FBX/barrel.fbx using Guid(081360b63f426ef46a6c44ff7de4713d) Importer(815301076,1909f56bfc062723c751e8b465ee728b)  -> (artifact id: 'fade06af5cedb1ef637779532d892b23') in 0.171546 seconds 
========================================================================
Received Import Request.
  Time since last request: 0.000054 seconds.
  path: Assets/Models/FBX/lights.fbx
  artifactKey: Guid(af2554a2fc4d1c848bed58789e010462) Importer(815301076,1909f56bfc062723c751e8b465ee728b)
Start importing Assets/Models/FBX/lights.fbx using Guid(af2554a2fc4d1c848bed58789e010462) Importer(815301076,1909f56bfc062723c751e8b465ee728b)  -> (artifact id: '7c02d3964183a9cd10d371703ec30b6e') in 0.079602 seconds 
========================================================================
Received Import Request.
  Time since last request: 0.000054 seconds.
  path: Assets/Models/FBX/scardinius.fbx
  artifactKey: Guid(4b6364810dec1094daf62c9224c78d0d) Importer(815301076,1909f56bfc062723c751e8b465ee728b)
Start importing Assets/Models/FBX/scardinius.fbx using Guid(4b6364810dec1094daf62c9224c78d0d) Importer(815301076,1909f56bfc062723c751e8b465ee728b)  -> (artifact id: 'f215d485380ba21cb3bb6203c219a36a') in 0.162217 seconds 
========================================================================
Received Import Request.
  Time since last request: 0.000076 seconds.
  path: Assets/Models/FBX/spring.fbx
  artifactKey: Guid(bc32221cf5665b944ad957e0cb179f0d) Importer(815301076,1909f56bfc062723c751e8b465ee728b)
Start importing Assets/Models/FBX/spring.fbx using Guid(bc32221cf5665b944ad957e0cb179f0d) Importer(815301076,1909f56bfc062723c751e8b465ee728b)  -> (artifact id: '524dd13caf32b245648434b5c035b206') in 0.048259 seconds 
========================================================================
Received Import Request.
  Time since last request: 0.000038 seconds.
  path: Assets/Models/FBX/medieval objects.fbx
  artifactKey: Guid(e74e2ac809aab934e922aa7259cb5e9b) Importer(815301076,1909f56bfc062723c751e8b465ee728b)
Start importing Assets/Models/FBX/medieval objects.fbx using Guid(e74e2ac809aab934e922aa7259cb5e9b) Importer(815301076,1909f56bfc062723c751e8b465ee728b)  -> (artifact id: '3b1658c0742d5987a08a1f87fb9fcaa3') in 0.342763 seconds 
========================================================================
Received Import Request.
  Time since last request: 0.000057 seconds.
  path: Assets/Models/FBX/SkateBoard.fbx
  artifactKey: Guid(2ecd1f5bbb774774e8ae410e1cc31bcb) Importer(815301076,1909f56bfc062723c751e8b465ee728b)
Start importing Assets/Models/FBX/SkateBoard.fbx using Guid(2ecd1f5bbb774774e8ae410e1cc31bcb) Importer(815301076,1909f56bfc062723c751e8b465ee728b)  -> (artifact id: '64cb7f4805d7b83eb10dc7ddc682b03c') in 0.398656 seconds 
Editor requested this worker to shutdown with reason: Scaling down because of idle timeout
AssetImportWorker is now disconnected from the server
Process exiting
Exiting without the bug reporter. Application will terminate with return code 0